Mon Jun 05 16:03:51 CEST 2023 : Apache Derby Network Server - 10.16.1.1 - (1901046) started and ready to accept connections on port 1527
----------------------------------------------------------------
Mon Jun 05 16:04:19 CEST 2023:
Booting Derby version The Apache Software Foundation - Apache Derby - 10.16.1.1 - (1901046): instance a816c00e-0188-8bdf-0d1b-00002fee83d0 
on database directory /Users/jrajcic/Desktop/java/derby-baze/blogBaza with class loader jdk.internal.loader.ClassLoaders$AppClassLoader@1de0aca6 
Loaded from file:/Users/jrajcic/Desktop/java/db-derby-10.16.1.1-bin/lib/derby.jar
java.vendor=Oracle Corporation
java.runtime.version=18.0.2+9-61
user.dir=/Users/jrajcic/Desktop/java/derby-skripte
os.name=Mac OS X
os.arch=x86_64
os.version=12.5.1
derby.system.home=/Users/jrajcic/Desktop/java/derby-baze
Database Class Loader started - derby.database.classpath=''
----------------------------------------------------------------
Mon Jun 05 16:45:23 CEST 2023:
Booting Derby version The Apache Software Foundation - Apache Derby - 10.16.1.1 - (1901046): instance fb160050-0188-8bdf-0d1b-00002fee83d0 
on database directory /Users/jrajcic/Desktop/java/derby-baze/credentialsDB with class loader jdk.internal.loader.ClassLoaders$AppClassLoader@1de0aca6 
Loaded from file:/Users/jrajcic/Desktop/java/db-derby-10.16.1.1-bin/lib/derby.jar
java.vendor=Oracle Corporation
java.runtime.version=18.0.2+9-61
user.dir=/Users/jrajcic/Desktop/java/derby-skripte
os.name=Mac OS X
os.arch=x86_64
os.version=12.5.1
derby.system.home=/Users/jrajcic/Desktop/java/derby-baze
Database Class Loader started - derby.database.classpath=''
----------------------------------------------------------------
Mon Jun 05 16:45:23 CEST 2023: Shutting down Derby engine
----------------------------------------------------------------
Mon Jun 05 16:45:23 CEST 2023:
Shutting down instance fb160050-0188-8bdf-0d1b-00002fee83d0 on database directory /Users/jrajcic/Desktop/java/derby-baze/credentialsDB with class loader jdk.internal.loader.ClassLoaders$AppClassLoader@1de0aca6 
----------------------------------------------------------------
Mon Jun 05 16:45:23 CEST 2023:
Shutting down instance a816c00e-0188-8bdf-0d1b-00002fee83d0 on database directory /Users/jrajcic/Desktop/java/derby-baze/blogBaza with class loader jdk.internal.loader.ClassLoaders$AppClassLoader@1de0aca6 
----------------------------------------------------------------
